57973 xx
       0.00000000    -653.63600203    6317.86538977   -2096.89540823 -6.073237294  0.921755028  4.678584919
   -1440.00000000   -4141.02351616    5208.70827717     609.08218759 -4.140297117 -3.909266960  5.224185990    6689.227258 0.001272   43.01717  122.85570   40.12498  327.55336  327.63151 
   -1420.00000000   -4273.31350342   -2376.71133918    4546.52331120  3.954515017 -6.635463729  0.247511549    6680.278729 0.000511   42.97577  122.76435   93.80664  353.49728  353.50390 
   -1400.00000000    2583.53287491   -6075.24359442    1029.76252474  5.578382463  1.495750724 -5.134932326    6689.059436 0.001328   43.01576  122.66175  134.12903   32.81426   32.73185 
   -1380.00000000    5216.61335864     164.48657785   -4177.71508785 -1.910911276  7.177117007 -2.104749518    6681.868445 0.000525   42.98242  122.61204   77.27394  169.15907  169.14775 
   -1360.00000000    -662.56730317    6141.85658258   -2554.34561137 -6.269692165  1.136177451  4.364189145    6686.771216 0.000422   43.00465  122.47455   10.61673  315.31103  315.34502 
   -1340.00000000   -5451.83130399    2086.42091801    3245.89640537 -0.387268125 -6.776976490  3.695013162    6685.058571 0.001106   42.99646  122.44824   82.86783  322.58052  322.65751 
   -1320.00000000   -1323.65124370   -5383.12978606    3724.47768403  6.126403773 -3.608127516 -3.029738486    6683.644631 0.000964   42.98965  122.30209   88.59815   36.52871   36.46298 
   -1300.00000000    4967.99494822   -4047.19366566   -1902.98475953  2.621274918  5.464281711 -4.789074018    6688.262634 0.000698   43.01056  122.26870  169.00279   35.66454   35.61791 
   -1280.00000000    3145.90001882    3907.84966715   -4419.41400924 -5.151569379  5.602202567  1.287002228    6681.293565 0.000667   42.97820  122.14449  101.57227  182.58312  182.58657 
   -1260.00000000   -3804.34248333    5486.85021249     288.98676592 -4.514477734 -3.413321438  5.260739467    6689.970066 0.001231   43.01775  122.07706   35.44686  328.18722  328.26153 
   -1240.00000000   -4531.19627475   -1903.74607442    4520.41705207  3.502212590 -6.861007642  0.619587850    6681.001645 0.000528   42.97626  121.99435   97.70183  345.53646  345.55156 
   -1220.00000000    2151.26911820   -6182.07085794    1342.23640385  5.789021358  0.914785274 -5.036949450    6689.345308 0.001333   43.01425  121.88365  129.63094   33.24371   33.16002 
   -1200.00000000    5317.18433330    -349.63370466   -4038.06326731 -1.381013347  7.191615813 -2.442620677    6682.990948 0.000444   42.98476  121.84052   77.34327  165.01217  164.99902 
   -1180.00000000    -192.02745152    6059.90773857   -2817.15015282 -6.285176204  1.724227126  4.142072249    6686.759977 0.000320   43.00178  121.69896   15.22852  306.61256  306.64199 
   -1160.00000000   -5379.97705374    2573.58220345    3009.44778444 -0.926422997 -6.574831182  3.954498809    6686.328839 0.001158   42.99947  121.67376   78.27750  323.06626  323.14591 
   -1140.00000000   -1769.96560178   -5122.53621691    3903.06357858  5.945112300 -4.125957808 -2.712188067    6683.652608 0.000887   42.98688  121.52969   85.03418   35.97426   35.91457 
   -1120.00000000    4732.73013603   -4441.53346430   -1600.49909942  3.096106037  5.072251276 -4.934920265    6689.343488 0.000801   43.01271  121.49139  167.06284   33.48409   33.43349 
   -1100.00000000    3507.00476886    3501.58087518   -4488.53329411 -4.796235328  5.977421276  0.915859594    6681.633902 0.000704   42.97696  121.37441   98.66377  181.35951  181.36143 
   -1080.00000000   -3435.08763158    5733.47204439     -40.42954659 -4.859918727 -2.880049122  5.270933847    6690.615084 0.001178   43.01791  121.29846   30.74441  328.74759  328.81758 
   -1060.00000000   -4758.66798710   -1404.57379581    4470.13600786  3.018155485 -7.043650402  0.997393885    6681.813656 0.000563   42.97720  121.22453  100.46939  338.60517  338.62868 
   -1040.00000000    1697.36354997   -6247.43036181    1655.24570299  5.958980473  0.311949605 -4.910239627    6689.537341 0.001326   43.01234  121.10605  124.93541   33.77205   33.68766 
   -1020.00000000    5379.17816990    -874.89421017   -3873.84860520 -0.834044000  7.154943213 -2.775831505    6684.173939 0.000356   42.98741  121.06876   80.09448  158.08561  158.07038 
   -1000.00000000     285.94028678    5932.09288904   -3071.39915996 -6.253479474  2.315106436  3.892885633    6686.705001 0.000233   42.99874  120.92420   27.87932  289.77719  289.80227 
    -980.00000000   -5266.38192257    3054.93315519    2751.31917947 -1.465239673 -6.319740798  4.199133805    6687.595710 0.001203   43.00251  120.89885   73.41010  323.73204  323.81355 
    -960.00000000   -2208.37940314   -4817.77882557    4065.03725218  5.716322692 -4.627188181 -2.372701710    6683.686249 0.000808   42.98426  120.75815   81.89726   34.89461   34.84167 
    -940.00000000    4458.30193995   -4813.74279289   -1282.22254234  3.553149957  4.632887366 -5.057736808    6690.354872 0.000899   43.01457  120.71379  164.25280   32.07627   32.02160 
    -920.00000000    3845.70722105    3059.06105568   -4535.13971371 -4.399850368  6.318615417  0.531131457    6682.054131 0.000727   42.97612  120.60488   95.39501  180.39869  180.39927 
    -900.00000000   -3034.71002873    5944.24715222    -377.40270073 -5.171938302 -2.311869780  5.252770299    6691.155011 0.001113   43.01762  120.52001   26.05434  329.19873  329.26399 
    -880.00000000   -4951.99225600    -882.03349239    4394.28682998  2.504867719 -7.178916872  1.378551708    6682.717019 0.000612   42.97858  120.45479  101.72422  333.08964  333.12137 
    -860.00000000    1224.67028680   -6268.00496185    1966.49379897  6.084472453 -0.308651269 -4.753664975    6689.639291 0.001306   43.01004  120.32907  120.05915   34.38356   34.29911 
    -840.00000000    5399.88230288   -1407.20752704   -3684.50754742 -0.273930478  7.064077842 -3.101567418    6685.408709 0.000270   42.99033  120.29667   88.56140  145.34662  145.32902 
    -820.00000000     767.45240699    5756.60838374   -3314.57875305 -6.172303866  2.903584986  3.616547156    6686.619610 0.000187   42.99559  120.15033   53.99013  259.38488  259.40592 
    -800.00000000   -5109.76217003    3525.65297153    2471.88432534 -1.998839764 -6.010623378  4.426016950    6688.843601 0.001242   43.00548  120.12350   68.31151  324.53305  324.61557 
    -780.00000000   -2634.49092530   -4468.82154581    4207.99451356  5.439509750 -5.106131955 -2.012256188    6683.761837 0.000728   42.98185  119.98746   79.42953   33.04869   33.00319 
    -760.00000000    4145.04751700   -5158.93690648    -949.42030971  3.987273558  4.147203613 -5.154945217    6691.282524 0.000990   43.01608  119.93597  160.79049   31.22422   31.16544 
    -740.00000000    4157.70941961    2582.05906410   -4557.28192538 -3.963765274  6.620464438  0.134724018    6682.564943 0.000736   42.97572  119.83582   91.87589  179.59182  179.59122 
    -720.00000000   -2605.17609199    6114.91801836    -719.92290646 -5.445885193 -1.711853469  5.204390661    6691.584644 0.001035   43.01686  119.74180   21.42652  329.49178  329.55196 
    -700.00000000   -5107.54865084    -339.50638598    4291.63757406  1.965453121 -7.262528725  1.760428632    6683.711315 0.000673   42.98041  119.68501  101.42021  329.03714  329.07677 
    -680.00000000     736.52099441   -6240.74954179    2273.49544100  6.161957961 -0.942330568 -4.566323975    6689.657825 0.001274   43.00740  119.55279  115.02254   35.05882   34.97504 
    -660.00000000    5376.87727737   -1942.03785116   -3469.70902241  0.294900994  6.916409120 -3.416838731    6686.683814 0.000206   42.99345  119.52418  108.70946  120.83084  120.81052 
    -640.00000000    1248.25741085    5532.09092599   -3544.07290183 -6.039783989  3.484011847  3.313271656    6686.519295 0.000211   42.99240  119.37741   83.05669  225.94089  225.95823 
    -620.00000000   -4909.27250206    3980.63313561    2171.79256635 -2.522001630 -5.646984128  4.632184204    6690.055564 0.001272   43.00832  119.34768   63.02220  325.42987  325.51252 
    -600.00000000   -3043.68863970   -4076.18096737    4329.52902928  5.114710498 -5.556890621 -1.632151407    6683.895973 0.000651   42.97975  119.21757   77.96116   30.10737   30.06994 
    -580.00000000    3793.82631079   -5472.14577212    -603.63788498  4.393206017  3.616890906 -5.224024794    6692.112927 0.001072   43.01717  119.15800  156.81394   30.79089   30.72803 
    -560.00000000    4438.69478469    2072.93048250   -4553.10821155 -3.489940545  6.877677172 -0.271153896    6683.175278 0.000728   42.97581  119.06713   88.20313  178.84322  178.84153 
    -540.00000000   -2148.98551110    6241.36583432   -1065.73651644 -5.677211758 -1.083737423  5.124114576    6691.901351 0.000945   43.01560  118.96395   16.93321  329.55542  329.61026 
    -520.00000000   -5221.89755289     219.08093494    4161.14891003  1.403603172 -7.290486366  2.140145359    6684.793106 0.000741   42.98267  118.91508   99.71581  326.29029  326.33739 
    -500.00000000     236.71862681   -6162.96247910    2573.59029777  6.188221753 -1.583833815 -4.347585300    6689.602677 0.001229   43.00444  118.77733  109.85219   35.77217   35.68988 
    -480.00000000    5308.10041186   -2474.42410564   -3229.38136006  0.867544430  6.709816863 -3.718501370    6687.985117 0.000205   42.99673  118.75121  139.87536   85.20255   85.17916 
    -460.00000000    1723.76587980    5257.67998207   -3757.18674661 -5.854553587  4.050358362  2.983595906    6686.421456 0.000283   42.98924  118.60545   98.87660  205.64857  205.66260 
    -440.00000000   -4664.55942381    4414.52549440    1851.98719297 -3.029207890 -5.228980548  4.814641018    6691.213722 0.001292   43.01093  118.57142   57.57821  326.38748  326.46936 
    -420.00000000   -3431.20136958   -3640.97193636    4427.26269903  4.742574382 -5.973420044 -1.234024554    6684.105024 0.000581   42.97802  118.44842   77.90818   25.65571   25.62690 
    -400.00000000    3406.05533133   -5748.38019237    -246.70816301  4.765607092  3.044358168 -5.262551310    6692.833905 0.001143   43.01778  118.37996  152.41393   30.68639   30.61958 
    -380.00000000    4684.39124198    1534.63957450   -4520.89959665 -2.980973300  7.085071787 -0.683989251    6683.891766 0.000703   42.97641  118.29869   84.47772  178.05293  178.05019 
    -360.00000000   -1669.18195851    6319.68535768   -1412.35182363 -5.861552880 -0.431933274  5.010477994    6692.105513 0.000844   43.01385  118.18659   12.68670  329.27824  329.32760 
    -340.00000000   -5291.84891743     789.26223265    4002.00605443  0.823595842 -7.259155470  2.514588764    6685.955659 0.000814   42.98532  118.14488   96.84346  324.61776  324.67176 
    -320.00000000    -270.47754754   -6032.35904758    2863.96068092  6.160450964 -2.227364082 -4.097121215    6689.486706 0.001174   43.00123  118.00277  104.58461   36.48802   36.40811 
    -300.00000000    5191.91026942   -2999.01289972   -2963.73841069  1.438643729  6.442751730 -4.003282513    6689.295947 0.000275   43.00007  117.97770  162.16460   58.35725   58.33041 
    -280.00000000    2189.08938029    4933.07849853   -3951.17369786 -5.615810362  4.596271599  2.628401598    6686.345023 0.000370   42.98621  117.83448  104.75255  195.20620  195.21733 
    -260.00000000   -4375.81182213    4821.79977437    1513.72137536 -3.514703327 -4.757483481  4.970398947    6692.299809 0.001300   43.01324  117.79474   52.01228  327.37410  327.45433 
    -240.00000000   -3792.15640345   -3164.94803707    4498.87902964  4.324408495 -6.349606099 -0.819860962    6684.404504 0.000522   42.97672  117.67996   79.69321   19.27209   19.25237 
    -220.00000000    2983.73851733   -5982.70555538     119.24502337  5.099144020  2.432764942 -5.268238669    6693.435263 0.001201   43.01787  117.60198  147.65237   30.84973   30.77919 
    -200.00000000    4890.64028813     970.77341660   -4459.10477188 -2.440116540  7.237662777 -1.100967451    6684.718191 0.000660   42.97755  117.53037   80.82669  177.09493  177.09110 
    -180.00000000   -1169.35554105    6346.26418256   -1757.04913048 -5.994809742  0.238476646  4.862272511    6692.200906 0.000732   43.01163  117.40984    8.87542  328.47273  328.51656 
    -160.00000000   -5314.53407407    1366.04716678    3813.65096092  0.230284340 -7.165357079  2.880429725    6687.188773 0.000890   42.98833  117.37430   93.03493  323.78882  323.84902 
    -140.00000000    -780.37633716   -5847.14556633    3141.65362275  6.076314326 -2.866619122 -3.814939950    6689.325830 0.001107   42.99784  117.22920   99.27160   37.15548   37.07889 
    -120.00000000    5027.15075917   -3510.10190902   -2673.30429580  2.002433467  6.114314973 -4.267811356    6690.597386 0.000383   43.00340  117.20362  171.46521   44.40786   44.37718 
    -100.00000000    2639.08846257    4558.61059127   -4123.26629947 -5.323377862  5.115138649  2.248935809    6686.309967 0.000457   42.98340  117.06448  105.78446  189.51477  189.52343 
     -80.00000000   -4043.80743212    5196.81054448    1158.57111092 -3.972563250 -4.234132304  5.096516416    6693.295810 0.001294   43.01517  117.01772   46.35513  328.35995  328.43768 
     -60.00000000   -4121.64536987   -2650.53558977    4542.15930289  3.862216432 -6.679349461 -0.392001110    6684.808385 0.000480   42.97594  116.91206   83.49108   10.78276   10.77247 
     -40.00000000    2529.48888670   -6170.32266020     491.80750265  5.388576402  1.786044118 -5.238983057    6693.909432 0.001245   43.01740  116.82417  142.57311   31.23789   31.16398 
     -20.00000000    5053.47137227     385.54698960   -4366.37645702 -1.871289524  7.330754309 -1.518979713    6685.654983 0.000600   42.97922  116.76204   77.44036  175.77989  175.77483 
       0.00000000    -653.63600203    6317.86538977   -2096.89540823 -6.073237294  0.921755028  4.678584919    6692.194998 0.000612   43.00897  116.63384    5.84503  326.79406  326.83243 
      20.00000000   -5287.47951978    1943.94757152    3595.81423443 -0.370925297 -7.006459981  3.234146389    6688.478719 0.000965   42.99162  116.60324   88.49179  323.60296  323.66853 
      40.00000000   -1287.88902217   -5606.09294790    3403.60742635  5.934040847 -3.494840972 -3.501416374    6689.138822 0.001032   42.99435  116.45669   93.98830   37.70035   37.62805 
      60.00000000    4813.21353847   -4001.69410918   -2358.93616930  2.552791480  5.724335771 -4.508655124    6691.868706 0.000504   43.00661  116.42895  173.94627   37.18621   37.15133 
      80.00000000    3068.42986028    4135.27477108   -4270.71077389 -4.977763003  5.600161785  1.846828356    6686.336683 0.000536   42.98090  116.29541  104.36762  186.17993  186.18655 
     100.00000000   -3669.95376089    5533.87342644     788.44458587 -4.396772168 -3.661382384  5.190143344    6694.184685 0.001274   43.01663  116.24043   40.63706  329.31562  329.39004 
     120.00000000   -4414.79749788   -2100.85975902    4555.02125695  3.358729382 -6.956659085  0.046856773    6685.328377 0.000463   42.97571  116.14462   88.79778    0.69274    0.69210 
     140.00000000    2046.54218243   -6306.65483662     868.27997259  5.628848236  1.108913150 -5.172909001    6694.252102 0.001272   43.01636  116.04667  137.20882   31.81904   31.74224 
     160.00000000    5169.18078332    -216.20196148   -4241.60875076 -1.279077960  7.360039005 -1.934635670    6686.698780 0.000523   42.98140  115.99355   74.65237  173.77516  173.76866 
     180.00000000    -126.67576851    6231.71234744   -2428.76381535 -6.093534060  1.611538341  4.458836309    6692.099130 0.000486   43.00593  115.85871    4.30393  323.53468  323.56777 
     200.00000000   -5208.68147754    2517.01525505    3348.54616489 -0.974108743 -6.780473814  3.572053148    6689.808324 0.001038   42.99511  115.83159   83.37923  323.89598  323.96601 
     220.00000000   -1787.57419309   -5308.60815304    3646.68273890  5.732496386 -4.104878377 -3.157320296    6688.946948 0.000950   42.99087  115.68527   88.84539   38.01282   37.94583 
     240.00000000    4550.09724556   -4467.56310967   -2021.84432140  3.083303636  5.273444197 -4.722360346    6693.087932 0.000628   43.00960  115.65371  173.07603   33.22492   33.18551 
     260.00000000    3471.65282401    3664.79118785   -4390.80509456 -4.580207718  6.044444321  1.424105458    6686.445276 0.000602   42.97880  115.52721  101.58305  184.12159  184.12655 
     280.00000000   -3256.32198696    5827.35011727     405.58734705 -4.781312302 -3.042542833  5.248569243    6694.951150 0.001237   43.01755  115.46299   34.89009  330.20995  330.28033 
     300.00000000   -4666.85968959   -1519.76135007    4535.55992085  2.817427989 -7.175753707  0.493659084    6685.973203 0.000473   42.97608  115.37748   94.25807  350.35829  350.36737 
     320.00000000    1538.76075702   -6387.44033925    1245.68826513  5.815185905  0.406872208 -5.068416681    6694.462802 0.001283   43.01474  115.26965  131.58572   32.56775   32.48867 
     340.00000000    5234.41403194    -829.02943698   -4083.97493964 -0.668722735  7.321700975 -2.344281694    6687.842085 0.000431   42.98407  115.22476   73.14424  170.40015  170.39192 
     360.00000000     406.37794458    6085.57424240   -2749.35828244 -6.052932712  2.300879384  4.202819974    6691.928558 0.000360   43.00256  115.08456    5.92216  317.02538  317.05348 
     380.00000000   -5076.67981362    3078.89196643    3072.24620904 -1.572870884 -6.486141121  3.890335594    6691.157218 0.001106   42.99872  115.05930   77.82923  324.53689  324.61035 
     400.00000000   -2273.69330283   -4954.80192993    3867.69812201  5.471256431 -4.689262183 -2.783841690    6688.773449 0.000862   42.98750  114.91496   84.00784   37.92886   37.86816 
     420.00000000    4238.46196941   -4901.32961431   -1663.60891998  3.587340966  4.763137684 -4.905499246    6694.232563 0.000749   43.01228  114.87793  170.36757   31.01177   30.96755 
     440.00000000    3843.24432798    3149.64131395   -4480.94035106 -4.132733207  6.441086807  0.983199074    6686.654747 0.000652   42.97719  114.75979   97.96858  182.80284  182.80650 
     460.00000000   -2805.67232986    6071.74153227      12.58268988 -5.120261199 -2.381802627  5.269274236    6695.582507 0.001184   43.01788  114.68553   29.15110  331.00689  331.07259 
     480.00000000   -4873.28261954    -911.80288200    4482.09015574  2.242553541 -7.331170443  0.945004769    6686.747895 0.000510   42.97707  114.61050   98.31017  341.34222  341.36091 
     500.00000000    1010.62651113   -6408.82875147    1620.79906775  5.943200704 -0.313812148 -4.924229710    6694.545401 0.001277   43.01255  114.49325  125.72741   33.46122   33.38059 
     520.00000000    5246.25050789   -1446.91411055   -3892.96515211 -0.046095983  7.212521694 -2.744025404    6689.073056 0.000328   42.98717  114.45553   74.57391  163.99789  163.98753 
     540.00000000     939.92261302    5877.85074452   -3055.24329960 -5.949289690  2.982304228  3.910737357    6691.702327 0.000244   42.99897  114.31150   15.27968  302.68697  302.71046 
     560.00000000   -4890.62973449    3622.87198972    2767.69018720 -2.160406927 -6.123026296  4.185091565    6692.502262 0.001166   43.00234  114.28631   71.94629  325.42211  325.49790 
     580.00000000   -2740.27700510   -4545.55110681    4063.47000946  5.150673327 -5.240293627 -2.382612124    6688.642863 0.000772   42.98435  114.14576   79.72304   37.20197   37.14852 
     600.00000000    3879.67726377   -5296.54878024   -1286.19266014  4.058149014  4.195838736 -5.054721025    6695.280407 0.000864   43.01453  114.10168  166.52536   29.84310   29.79387 
     620.00000000    4177.72267720    2593.09844900   -4538.64508675 -3.638175178  6.783292987  0.526951313    6686.982120 0.000683   42.97614  113.99303   93.82448  181.92431  181.92694 
     640.00000000   -2321.46939779    6261.78810383    -387.65330561 -5.407897337 -1.684243170  5.249982355    6696.069460 0.001113   43.01758  113.90820   23.46671  331.66059  331.72111 
     660.00000000   -5029.81185133    -282.26256831    4393.19036579  1.639107032 -7.417879347  1.397159358    6687.653153 0.000569   42.97869  113.84350  100.08230  334.51733  334.54535 
     680.00000000     467.22181490   -6367.47989336    1990.14143606  6.008994184 -1.046138999 -4.739442529    6694.508471 0.001254   43.00985  113.71764  119.65845   34.47567   34.39437 
     700.00000000    5202.28898200   -2063.29959705   -3668.42315975  0.582336665  7.029986971 -3.129766760    6690.375453 0.000223   42.99062  113.68573   83.88560  149.62504  149.61212 
     720.00000000    1467.95192425    5607.65404342   -3342.87895956 -5.781172014  3.647883875  3.583231241    6691.442956 0.000169   42.99524  113.53960   43.27639  269.62039  269.63974 
     740.00000000   -4650.36952723    4141.97759858    2436.05440755 -2.729577539 -5.691599142  4.452378311    6693.818153 0.001217   43.00584  113.51261   65.81328  326.46968  326.54667 
     760.00000000   -3181.20213269   -4082.55362160    4230.85685161  4.771936106 -5.750145184 -1.955721681    6688.580188 0.000681   42.98154  113.37762   76.36055   35.46349   35.41820 
     780.00000000    3475.86194553   -5646.80796083    -891.94858253  4.488948950  3.574941478 -5.166807566    6696.210531 0.000967   43.01627  113.32506  161.90965   29.35942   29.30510 
     800.00000000    4469.72881411    1999.24741706   -4561.63219668 -3.100208514  7.064484721  0.058613276    6687.441530 0.000694   42.97573  113.22678   89.34211  181.29556  181.29736 
     820.00000000   -1807.88607591    6392.57598853    -791.88261528 -5.638812303 -0.955835519  5.188716286    6696.406903 0.001026   43.01661  113.13117   17.90181  332.10692  332.16188 
     840.00000000   -5132.58272795     362.88508631    4267.74674773  1.012834697 -7.431402459  1.846075658    6688.684812 0.000643   42.98091  113.07631   99.53635  329.92270  329.95959 
     860.00000000     -85.80250688   -6260.66349596    2350.03435378  6.009264352 -1.782421776 -4.513566478    6694.365498 0.001215   43.00668  112.94298  113.40838   35.58230   35.50132 
     880.00000000    5100.73231220   -2671.15081142   -3410.58154547  1.209568623  6.772392990 -3.497236095    6691.728785 0.000152   42.99432  112.91525  115.19601  113.16578  113.14978 
     900.00000000    1984.11959074    5274.88635716   -3608.66121931 -5.547939311  4.289320688  3.221415373    6691.175932 0.000190   42.99150  112.76892   81.45733  226.28136  226.29709 
     920.00000000   -4356.48247219    4629.04733758    2078.93588863 -3.272998133 -5.193310555  4.688265620    6695.078220 0.001256   43.00911  112.73820   59.49652  327.61415  327.69118 
     940.00000000   -3590.27892894   -3568.37441498    4366.80714849  4.337121106 -6.210973400 -1.505730635    6688.609916 0.000596   42.97917  112.61046   74.45547   32.17925   32.14292 
     960.00000000    3029.91388855   -5945.83400369    -483.62233046  4.873049551  2.904844671 -5.238732989    6697.004284 0.001057   43.01740  112.54821  156.72001   29.36190   29.30252 
     980.00000000    4714.12437993    1372.99184821   -4547.84787589 -2.523359725  7.278424818 -0.418162307    6688.043311 0.000683   42.97599  112.46088   84.66698  180.77196  180.77301 
    1000.00000000   -1269.79461768    6459.64764961   -1196.56245161 -5.808027791 -0.203420668  5.083852646    6696.594616 0.000922   43.01497  112.35463   12.55540  332.24760  332.29679 
    1020.00000000   -5178.21755267    1017.00324531    4104.99735117  0.370198686 -7.367935628  2.287421620    6689.833455 0.000726   42.98368  112.30876   97.05973  327.17191  327.21702 
    1040.00000000    -642.27285094   -6086.35768945    2696.62050270  5.941410579 -2.514354292 -4.246573560    6694.134888 0.001161   43.00313  112.16939  107.01711   36.74196   36.66240 
    1060.00000000    4940.46951213   -3263.02495222   -3120.09438102  1.828120488  6.438949097 -3.842039292    6693.108665 0.000189   42.99816  112.14401  158.07928   65.04682   65.02719 
    1080.00000000    2481.81546906    4880.31089778   -3848.96724321 -5.249819030  4.898049396  2.826899698    6690.928992 0.000278   42.98788  111.99948   99.03575  203.45742  203.47012 
    1100.00000000   -4010.35095228    5076.83678911    1698.36782341 -3.783142034 -4.630657662  4.888894612    6696.255394 0.001280   43.01203  111.96314   53.05013  328.80220  328.87813 
    1120.00000000   -3961.34788662   -3006.48028728    4468.41097031  3.849231480 -6.615042868 -1.035675186    6688.754953 0.000520   42.97736  111.84417   74.70556   26.65242   26.62572 
    1140.00000000    2545.52804253   -6187.60894033     -64.34814479  5.203968807  2.190968811 -5.267726244    6697.646351 0.001131   43.01786  111.77128  151.07439   29.73331   29.66907 
    1160.00000000    4906.09533049     720.04749205   -4495.52200482 -1.913005635  7.419346463 -0.899335270    6688.793143 0.000648   42.97696  111.69513   79.94014  180.21339  180.21367 
    1180.00000000    -712.74374924    6459.11500266   -1597.86916832 -5.911115329  0.565328440  4.934176777    6696.637824 0.000804   43.01270  111.57877    7.59300  331.91781  331.96115 
    1200.00000000   -5163.92333636    1672.84226354    3904.57512506 -0.281668346 -7.224471034  2.716615830    6691.084218 0.000816   42.98695  111.54067   93.11669  325.80167  325.85417 
    1220.00000000   -1195.55266554   -5843.34416263    3025.90629959  5.803634855 -3.233094466 -3.938936872    6693.839742 0.001094   42.99931  111.39701  100.54242   37.89763   37.82068 
    1240.00000000    4721.15315611   -3831.15737752   -2798.06648713  2.430124299  6.029874686 -4.159710225    6694.487401 0.000304   43.00202  111.37194  174.73124   43.07315   43.04934 
    1260.00000000    2954.25373624    4425.61419579   -4060.20558420 -4.887972779  5.465352147  2.401810407    6690.731208 0.000380   42.98450  111.23126  103.55717  193.60386  193.61410 
    1280.00000000   -3614.20071867    5478.13114207    1296.82941975 -4.252456902 -4.007235670  5.050541673    6697.323323 0.001288   43.01446  111.18752   46.52000  329.98874  330.06248 
    1300.00000000   -4288.38527360   -2401.26182857    4532.95445509  3.312223786 -6.954860232 -0.549066524    6689.035474 0.000461   42.97619  111.07860   77.75398   18.24076   18.22421 
    1320.00000000    2027.20097696   -6366.49255614     362.36205236  5.475563414  1.439755093 -5.251335797    6698.125801 0.001187   43.01760  110.99446  145.04639   30.40071   30.33196 
    1340.00000000    5041.25964073      46.92010741   -4403.21925077 -1.275356735  7.482087613 -1.380499680    6689.691291 0.000591   42.97863  110.92933   75.34316  179.43915  179.43848 
    1360.00000000    -142.92079246    6387.77304799   -1991.72917550 -5.944316405  1.341964211  4.738935922    6696.547579 0.000673   43.00984  110.80377    3.32044  330.81240  330.85000 
    1380.00000000   -5087.58815171    2322.60556802    3666.54903093 -0.935025745 -6.998918002  3.128871001    6692.416828 0.000906   42.99061  110.77191   88.10550  325.41464  325.47354 
    1400.00000000   -1738.61665852   -5531.29769261    3333.80813981  5.595036966 -3.929365684 -3.591666677    6693.507379 0.001015   42.99534  110.62591   94.07143   38.96293   38.88984 
    1420.00000000    4443.26993515   -4367.56232438   -2446.07829380  3.007424117  5.546487286 -4.445770365    6695.834828 0.000441   43.00576  110.59904  178.01338   34.38405   34.35550 
    1440.00000000    3394.57259216    3913.45763632   -4238.87084689 -4.464551702  5.982486837  1.948803997    6690.611894 0.000475   42.98151  110.46419  102.91529  188.82776  188.83612 
